
Start-Date: 2016-09-01  10:58:15
Commandline: apt-get install -y -o DPkg::Options::=--force-confold debian-archive-keyring
Requested-By: vagrant (1000)
Install: debian-archive-keyring:amd64 (2014.3)
End-Date: 2016-09-01  10:58:15

Start-Date: 2016-09-01  10:58:24
Commandline: apt-get install -y -o DPkg::Options::=--force-confold software-properties-common
Requested-By: vagrant (1000)
Install: python3-software-properties:amd64 (0.96.20.4, automatic), python3-pycurl:amd64 (7.43.0-1ubuntu1, automatic), unattended-upgrades:amd64 (0.90, automatic), software-properties-common:amd64 (0.96.20.4)
End-Date: 2016-09-01  10:58:26

Start-Date: 2016-09-01  10:58:30
Commandline: apt-get install -y -o DPkg::Options::=--force-confold upstart python2.7 python-apt python-requests procps pciutils
Requested-By: vagrant (1000)
Install: python-six:amd64 (1.10.0-3, automatic), mountall:amd64 (2.54ubuntu1, automatic), libnih-dbus1:amd64 (1.0.3-4.3ubuntu1, automatic), python-openssl:amd64 (0.15.1-2build1, automatic), python-requests:amd64 (2.9.1-3), libcgmanager0:amd64 (0.39-2ubuntu5, automatic), python-chardet:amd64 (2.3.0-2, automatic), python-enum34:amd64 (1.1.2-1, automatic), python-ndg-httpsclient:amd64 (0.4.0-3, automatic), python-cryptography:amd64 (1.2.3-1, automatic), python-cffi-backend:amd64 (1.5.2-1ubuntu1, automatic), python-ipaddress:amd64 (1.0.16-1, automatic), python-pkg-resources:amd64 (20.7.0-1, automatic), python-apt:amd64 (1.1.0~beta1build1), python-urllib3:amd64 (1.13.1-2ubuntu0.16.04.1, automatic), python-pyasn1:amd64 (0.1.9-1, automatic), upstart:amd64 (1.13.2-0ubuntu21.1), python-idna:amd64 (2.0-3, automatic)
End-Date: 2016-09-01  10:58:34

Start-Date: 2016-09-01  10:58:38
Commandline: apt-get install -y -o DPkg::Options::=--force-confold salt-minion
Requested-By: vagrant (1000)
Install: python-pymysql:amd64 (0.7.2-1, automatic), javascript-common:amd64 (11, automatic), python-markupsafe:amd64 (0.23-2build2, automatic), python-yaml:amd64 (3.11-3build1, automatic), python-pycurl:amd64 (7.43.0-1ubuntu1, automatic), python-zmq:amd64 (15.2.0-0ubuntu4, automatic), debconf-utils:amd64 (1.5.58ubuntu1, automatic), libzmq5:amd64 (4.1.4-7, automatic), salt-minion:amd64 (2016.3.3+ds-1), libjs-jquery:amd64 (1.11.3+dfsg-4, automatic), libjs-underscore:amd64 (1.7.0~dfsg-1ubuntu1, automatic), salt-common:amd64 (2016.3.3+ds-1, automatic), python-crypto:amd64 (2.6.1-6build1, automatic), python-jinja2:amd64 (2.8-1, automatic), python-msgpack:amd64 (0.4.6-1build1, automatic), python-mako:amd64 (1.0.3+ds1-1ubuntu1, automatic), python-systemd:amd64 (231-2build1, automatic), libsodium18:amd64 (1.0.8-5, automatic), python-concurrent.futures:amd64 (3.0.5-1, automatic), python-dateutil:amd64 (2.4.2-1, automatic), libyaml-0-2:amd64 (0.1.6-3, automatic), libjs-sphinxdoc:amd64 (1.3.6-2ubuntu1, automatic), dctrl-tools:amd64 (2.24-2, automatic), python-tornado:amd64 (4.2.1-2~ds+1, automatic)
End-Date: 2016-09-01  10:58:44

Start-Date: 2016-09-01  10:59:13
Commandline: /usr/bin/apt-get -q -y -o DPkg::Options::=--force-confold -o DPkg::Options::=--force-confdef install build-essential
Requested-By: vagrant (1000)
Install: libalgorithm-diff-perl:amd64 (1.19.03-1, automatic), libalgorithm-merge-perl:amd64 (0.08-3, automatic), g++:amd64 (4:5.3.1-1ubuntu1, automatic), build-essential:amd64 (12.1ubuntu2), libstdc++-5-dev:amd64 (5.4.0-6ubuntu1~16.04.2, automatic), g++-5:amd64 (5.4.0-6ubuntu1~16.04.2, automatic), libalgorithm-diff-xs-perl:amd64 (0.04-4build1, automatic), dpkg-dev:amd64 (1.18.4ubuntu1.1, automatic)
End-Date: 2016-09-01  10:59:15

Start-Date: 2016-09-01  10:59:19
Commandline: /usr/bin/apt-get -q -y -o DPkg::Options::=--force-confold -o DPkg::Options::=--force-confdef install libpq-dev
Requested-By: vagrant (1000)
Install: comerr-dev:amd64 (2.1-1.42.13-1ubuntu1, automatic), krb5-multidev:amd64 (1.13.2+dfsg-5, automatic), libkadm5clnt-mit9:amd64 (1.13.2+dfsg-5, automatic), libkdb5-8:amd64 (1.13.2+dfsg-5, automatic), zlib1g-dev:amd64 (1:1.2.8.dfsg-2ubuntu4, automatic), libpq5:amd64 (9.5.4-0ubuntu0.16.04, automatic), libpq-dev:amd64 (9.5.4-0ubuntu0.16.04), libgssrpc4:amd64 (1.13.2+dfsg-5, automatic), libssl-dev:amd64 (1.0.2g-1ubuntu4.2, automatic), libssl-doc:amd64 (1.0.2g-1ubuntu4.2, automatic), libkadm5srv-mit9:amd64 (1.13.2+dfsg-5, automatic)
Upgrade: libssl1.0.0:amd64 (1.0.2g-1ubuntu4.1, 1.0.2g-1ubuntu4.2)
End-Date: 2016-09-01  10:59:21

Start-Date: 2016-09-01  10:59:22
Commandline: /usr/bin/apt-get -q -y -o DPkg::Options::=--force-confold -o DPkg::Options::=--force-confdef install libjpeg-dev
Requested-By: vagrant (1000)
Install: libjpeg-turbo8-dev:amd64 (1.4.2-0ubuntu3, automatic), libjpeg-dev:amd64 (8c-2ubuntu8), libjpeg8:amd64 (8c-2ubuntu8, automatic), libjpeg-turbo8:amd64 (1.4.2-0ubuntu3, automatic), libjpeg8-dev:amd64 (8c-2ubuntu8, automatic)
End-Date: 2016-09-01  10:59:22

Start-Date: 2016-09-01  10:59:24
Commandline: /usr/bin/apt-get -q -y -o DPkg::Options::=--force-confold -o DPkg::Options::=--force-confdef install libtiff5-dev
Requested-By: vagrant (1000)
Install: libtiff5-dev:amd64 (4.0.6-1), libtiff5:amd64 (4.0.6-1, automatic), libjbig-dev:amd64 (2.1-3.1, automatic), libjbig0:amd64 (2.1-3.1, automatic), liblzma-dev:amd64 (5.1.1alpha+20120614-2ubuntu2, automatic), libtiffxx5:amd64 (4.0.6-1, automatic)
End-Date: 2016-09-01  10:59:25

Start-Date: 2016-09-01  10:59:26
Commandline: /usr/bin/apt-get -q -y -o DPkg::Options::=--force-confold -o DPkg::Options::=--force-confdef install libfreetype6-dev
Requested-By: vagrant (1000)
Install: libpng12-dev:amd64 (1.2.54-1ubuntu1, automatic), libfreetype6-dev:amd64 (2.6.1-0.1ubuntu2)
End-Date: 2016-09-01  10:59:27

Start-Date: 2016-09-01  10:59:30
Commandline: /usr/bin/apt-get -q -y -o DPkg::Options::=--force-confold -o DPkg::Options::=--force-confdef install liblcms2-dev
Requested-By: vagrant (1000)
Install: liblcms2-2:amd64 (2.6-3ubuntu2, automatic), liblcms2-dev:amd64 (2.6-3ubuntu2)
End-Date: 2016-09-01  10:59:30

Start-Date: 2016-09-01  10:59:32
Commandline: /usr/bin/apt-get -q -y -o DPkg::Options::=--force-confold -o DPkg::Options::=--force-confdef install libwebp-dev
Requested-By: vagrant (1000)
Install: libwebp5:amd64 (0.4.4-1, automatic), libwebpdemux1:amd64 (0.4.4-1, automatic), libwebpmux1:amd64 (0.4.4-1, automatic), libwebp-dev:amd64 (0.4.4-1)
End-Date: 2016-09-01  10:59:32

Start-Date: 2016-09-01  10:59:34
Commandline: /usr/bin/apt-get -q -y -o DPkg::Options::=--force-confold -o DPkg::Options::=--force-confdef install python3.5-venv
Requested-By: vagrant (1000)
Install: python3.5-venv:amd64 (3.5.2-2~16.01), python-pip-whl:amd64 (8.1.1-2ubuntu0.2, automatic)
End-Date: 2016-09-01  10:59:34

Start-Date: 2016-09-01  10:59:52
Commandline: /usr/bin/apt-get -q -y -o DPkg::Options::=--force-confold -o DPkg::Options::=--force-confdef install python3.5-dev
Requested-By: vagrant (1000)
Install: libexpat1-dev:amd64 (2.1.0-7ubuntu0.16.04.2, automatic), libpython3.5:amd64 (3.5.2-2~16.01, automatic), python3.5-dev:amd64 (3.5.2-2~16.01), libpython3.5-dev:amd64 (3.5.2-2~16.01, automatic)
End-Date: 2016-09-01  10:59:55

Start-Date: 2016-09-01  10:59:57
Commandline: /usr/bin/apt-get -q -y -o DPkg::Options::=--force-confold -o DPkg::Options::=--force-confdef install python3-pip
Requested-By: vagrant (1000)
Install: python3-dev:amd64 (3.5.1-3, automatic), python3-pip:amd64 (8.1.1-2ubuntu0.2), python3-wheel:amd64 (0.29.0-1, automatic), libpython3-dev:amd64 (3.5.1-3, automatic), python3-setuptools:amd64 (20.7.0-1, automatic)
End-Date: 2016-09-01  10:59:58

Start-Date: 2016-09-01  11:00:12
Commandline: /usr/bin/apt-get -q -y -o DPkg::Options::=--force-confold -o DPkg::Options::=--force-confdef install postgresql
Requested-By: vagrant (1000)
Install: postgresql-common:amd64 (173, automatic), postgresql-client-9.5:amd64 (9.5.4-0ubuntu0.16.04, automatic), sysstat:amd64 (11.2.0-1ubuntu0.1, automatic), ssl-cert:amd64 (1.0.37, automatic), postgresql-9.5:amd64 (9.5.4-0ubuntu0.16.04, automatic), postgresql:amd64 (9.5+173), postgresql-contrib-9.5:amd64 (9.5.4-0ubuntu0.16.04, automatic), libsensors4:amd64 (1:3.4.0-2, automatic), libxslt1.1:amd64 (1.1.28-2.1, automatic), postgresql-client-common:amd64 (173, automatic)
End-Date: 2016-09-01  11:00:19

Start-Date: 2016-09-01  11:00:49
Commandline: /usr/bin/apt-get -q -y -o DPkg::Options::=--force-confold -o DPkg::Options::=--force-confdef install wkhtmltopdf
Requested-By: vagrant (1000)
Install: libxdmcp6:amd64 (1:1.1.2-1.1, automatic), libpcre16-3:amd64 (2:8.38-3.1, automatic), libdouble-conversion1v5:amd64 (2.0.1-3ubuntu2, automatic), libqt5svg5:amd64 (5.5.1-2build1, automatic), libfontenc1:amd64 (1:1.1.3-1, automatic), libxcb-icccm4:amd64 (0.4.1-1ubuntu1, automatic), wkhtmltopdf:amd64 (0.12.2.4-1), libcups2:amd64 (2.1.3-4, automatic), libdrm-nouveau2:amd64 (2.4.67-1ubuntu0.16.04.2, automatic), xserver-common:amd64 (2:1.18.3-1ubuntu2.3, automatic), libxcb-xfixes0:amd64 (1.11.1-1ubuntu1, automatic), libwacom-common:amd64 (0.18-1, automatic), libproxy1v5:amd64 (0.4.11-5ubuntu1, automatic), libcdparanoia0:amd64 (3.10.2+debian-11, automatic), libpciaccess0:amd64 (0.13.4-1, automatic), libxcb-present0:amd64 (1.11.1-1ubuntu1, automatic), libglapi-mesa:amd64 (11.2.0-1ubuntu2.1, automatic), libpixman-1-0:amd64 (0.33.6-1, automatic), libxkbfile1:amd64 (1:1.0.9-0ubuntu1, automatic), liborc-0.4-0:amd64 (1:0.4.25-1, automatic), libxrender1:amd64 (1:0.9.9-0ubuntu1, automatic), libogg0:amd64 (1.3.2-1, automatic), libxcb-render-util0:amd64 (0.3.9-1, automatic), libavahi-common-data:amd64 (0.6.32~rc+dfsg-1ubuntu2, automatic), libavahi-common3:amd64 (0.6.32~rc+dfsg-1ubuntu2, automatic), libxcb-util1:amd64 (0.4.0-0ubuntu3, automatic), libqt5dbus5:amd64 (5.5.1+dfsg-16ubuntu7.1, automatic), libqt5sql5-sqlite:amd64 (5.5.1+dfsg-16ubuntu7.1, automatic), xfonts-utils:amd64 (1:7.7+3, automatic), libtxc-dxtn-s2tc0:amd64 (0~git20131104-1.1, automatic), libqt5widgets5:amd64 (5.5.1+dfsg-16ubuntu7.1, automatic), libmtdev1:amd64 (1.1.5-1ubuntu2, automatic), libwacom-bin:amd64 (0.18-1, automatic), libegl1-mesa:amd64 (11.2.0-1ubuntu2.1, automatic), gstreamer1.0-plugins-base:amd64 (1.8.2-1ubuntu0.1, automatic), libxcb-shm0:amd64 (1.11.1-1ubuntu1, automatic), x11-xkb-utils:amd64 (7.7+2, automatic), libxcb-randr0:amd64 (1.11.1-1ubuntu1, automatic), libxcb-render0:amd64 (1.11.1-1ubuntu1, automatic), libgudev-1.0-0:amd64 (1:230-2, automatic), fontconfig-config:amd64 (2.11.94-0ubuntu1.1, automatic), libx11-6:amd64 (2:1.6.3-1ubuntu2, automatic), libopus0:amd64 (1.1.2-1ubuntu1, automatic), libgbm1:amd64 (11.2.0-1ubuntu2.1, automatic), libxshmfence1:amd64 (1.2-1, automatic), libxkbcommon-x11-0:amd64 (0.5.0-1ubuntu2, automatic), libqt5printsupport5:amd64 (5.5.1+dfsg-16ubuntu7.1, automatic), libllvm3.8:amd64 (1:3.8-2ubuntu4, automatic), libqt5qml5:amd64 (5.5.1-2ubuntu6, automatic), libsm6:amd64 (2:1.2.2-1, automatic), libwayland-client0:amd64 (1.9.0-1, automatic), libdrm-amdgpu1:amd64 (2.4.67-1ubuntu0.16.04.2, automatic), fontconfig:amd64 (2.11.94-0ubuntu1.1, automatic), libqt5gui5:amd64 (5.5.1+dfsg-16ubuntu7.1, automatic), libxau6:amd64 (1:1.0.8-1, automatic), libxaw7:amd64 (2:1.0.13-1, automatic), libxcomposite1:amd64 (1:0.4.4-1, automatic), libxcb-image0:amd64 (0.4.0-1build1, automatic), libxcb1:amd64 (1.11.1-1ubuntu1, automatic), libxi6:amd64 (2:1.7.6-1, automatic), libxt6:amd64 (1:1.1.5-0ubuntu1, automatic), libvorbisenc2:amd64 (1.3.5-3, automatic), fonts-dejavu-core:amd64 (2.35-1, automatic), libqt5webkit5:amd64 (5.5.1+dfsg-2ubuntu1, automatic), libxcb-keysyms1:amd64 (0.4.0-1, automatic), libxmuu1:amd64 (2:1.1.2-2, automatic), libxfont1:amd64 (1:1.5.1-1, automatic), libgstreamer-plugins-base1.0-0:amd64 (1.8.2-1ubuntu0.1, automatic), libtheora0:amd64 (1.1.1+dfsg.1-8, automatic), libxcb-shape0:amd64 (1.11.1-1ubuntu1, automatic), libqt5core5a:amd64 (5.5.1+dfsg-16ubuntu7.1, automatic), libxfixes3:amd64 (1:5.0.1-2, automatic), libfontconfig1:amd64 (2.11.94-0ubuntu1.1, automatic), libx11-data:amd64 (2:1.6.3-1ubuntu2, automatic), libgl1-mesa-dri:amd64 (11.2.0-1ubuntu2.1, automatic), xnest:amd64 (2:1.18.3-1ubuntu2.3, automatic), libgraphite2-3:amd64 (1.3.6-1ubuntu1, automatic), libxxf86vm1:amd64 (1:1.1.4-1, automatic), libvisual-0.4-0:amd64 (0.4.0-8, automatic), libxdamage1:amd64 (1:1.1.4-2, automatic), libqt5opengl5:amd64 (5.5.1+dfsg-16ubuntu7.1, automatic), libgl1-mesa-glx:amd64 (11.2.0-1ubuntu2.1, automatic), libxmu6:amd64 (2:1.1.2-2, automatic), xfonts-base:amd64 (1:1.0.4+nmu1, automatic), qttranslations5-l10n:amd64 (5.5.1-2build1, automatic), libdrm-intel1:amd64 (2.4.67-1ubuntu0.16.04.2, automatic), libwacom2:amd64 (0.18-1, automatic), xauth:amd64 (1:1.0.9-1ubuntu2, automatic), x11-common:amd64 (1:7.7+13ubuntu3, automatic), libdrm-radeon1:amd64 (2.4.67-1ubuntu0.16.04.2, automatic), libxpm4:amd64 (1:3.5.11-1, automatic), libvorbis0a:amd64 (1.3.5-3, automatic), libharfbuzz0b:amd64 (1.0.1-1ubuntu0.1, automatic), libqt5network5:amd64 (5.5.1+dfsg-16ubuntu7.1, automatic), libice6:amd64 (2:1.0.9-1, automatic), xfonts-encodings:amd64 (1:1.0.4-2, automatic), libavahi-client3:amd64 (0.6.32~rc+dfsg-1ubuntu2, automatic), libxcb-glx0:amd64 (1.11.1-1ubuntu1, automatic), libxcb-dri2-0:amd64 (1.11.1-1ubuntu1, automatic), libxkbcommon0:amd64 (0.5.0-1ubuntu2, automatic), libqt5quick5:amd64 (5.5.1-2ubuntu6, automatic), libgstreamer1.0-0:amd64 (1.8.2-1~ubuntu1, automatic), libxcb-dri3-0:amd64 (1.11.1-1ubuntu1, automatic), libwayland-server0:amd64 (1.9.0-1, automatic), libxcb-xkb1:amd64 (1.11.1-1ubuntu1, automatic), libqt5sql5:amd64 (5.5.1+dfsg-16ubuntu7.1, automatic), libx11-xcb1:amd64 (2:1.6.3-1ubuntu2, automatic), libxcb-sync1:amd64 (1.11.1-1ubuntu1, automatic), libinput10:amd64 (1.2.3-1ubuntu1, automatic), libxext6:amd64 (2:1.3.3-1, automatic), libevdev2:amd64 (1.4.6+dfsg-1, automatic)
End-Date: 2016-09-01  11:01:02

Start-Date: 2016-09-01  11:01:06
Commandline: /usr/bin/apt-get -q -y -o DPkg::Options::=--force-confold -o DPkg::Options::=--force-confdef install apache2
Requested-By: vagrant (1000)
Install: libaprutil1:amd64 (1.5.4-1build1, automatic), libaprutil1-dbd-sqlite3:amd64 (1.5.4-1build1, automatic), apache2-data:amd64 (2.4.18-2ubuntu3.1, automatic), libapr1:amd64 (1.5.2-3, automatic), libaprutil1-ldap:amd64 (1.5.4-1build1, automatic), liblua5.1-0:amd64 (5.1.5-8ubuntu1, automatic), apache2-bin:amd64 (2.4.18-2ubuntu3.1, automatic), apache2:amd64 (2.4.18-2ubuntu3.1), apache2-utils:amd64 (2.4.18-2ubuntu3.1, automatic)
End-Date: 2016-09-01  11:01:10

Start-Date: 2016-09-01  11:01:12
Commandline: /usr/bin/apt-get -q -y -o DPkg::Options::=--force-confold -o DPkg::Options::=--force-confdef install libapache2-mod-wsgi-py3
Requested-By: vagrant (1000)
Install: libapache2-mod-wsgi-py3:amd64 (4.3.0-1.1build1)
End-Date: 2016-09-01  11:01:15
